2025-03-13 12:15:33 - INFO - Starting search for: cancer vaccine
2025-03-13 12:15:34 - INFO - Found 100 PubMed IDs for query: cancer vaccine
2025-03-13 12:15:34 - INFO - Processing batch 1/2 with 50 IDs
2025-03-13 12:15:36 - INFO - \u2705 Added paper 40072566: Neoantigen-based mRNA vaccine exhibits superior an...
2025-03-13 12:15:36 - INFO - \u2705 Added paper 40068366: Real-World Treatment Patterns and Outcomes in Pati...
2025-03-13 12:15:36 - INFO - \u2705 Added paper 40062995: Transient inhibition of type I interferon enhances...
2025-03-13 12:15:36 - INFO - \u2705 Added paper 40060894: Forced intracellular degradation of xenoantigens a...
2025-03-13 12:15:36 - INFO - \u2705 Added paper 40057520: Longitudinal single cell profiling of epitope spec...
2025-03-13 12:15:36 - INFO - \u2705 Added paper 40057465: Construction of a Simplex Search Framework for the...
2025-03-13 12:15:37 - INFO - Processing batch 2/2 with 50 IDs
2025-03-13 12:15:42 - INFO - \u2705 Added paper 40054143: Corrigendum to "Long-Term immune memory responses ...
2025-03-13 12:15:42 - INFO - \u2705 Added paper 40053727: The Effect of Predicted Compliance With a Web-Base...
2025-03-13 12:15:42 - INFO - \u2705 Added paper 40048445: A novel oncolytic vaccinia virus with multiple gen...
2025-03-13 12:15:42 - INFO - \u2705 Added paper 40044669: Monitoring mRNA vaccine antigen expression in vivo...
2025-03-13 12:15:42 - INFO - \u2705 Added paper 40043137: Broadly neutralizing antibodies targeting pandemic...
2025-03-13 12:15:42 - INFO - \u2705 Added paper 40040867: Modulated electro-hyperthermia therapy combined wi...
2025-03-13 12:15:42 - INFO - \u2705 Added paper 40035925: A promising mRNA vaccine derived from the JN.1 spi...
2025-03-13 12:16:44 - INFO - Starting search for: cancer vaccine
2025-03-13 12:16:45 - INFO - Found 100 PubMed IDs for query: cancer vaccine
2025-03-13 12:16:45 - INFO - Processing batch 1/2 with 50 IDs
2025-03-13 12:16:49 - INFO - \u2705 Added paper 40072566: Neoantigen-based mRNA vaccine exhibits superior an...
2025-03-13 12:16:49 - INFO - \u2705 Added paper 40068366: Real-World Treatment Patterns and Outcomes in Pati...
2025-03-13 12:16:49 - INFO - \u2705 Added paper 40062995: Transient inhibition of type I interferon enhances...
2025-03-13 12:16:49 - INFO - \u2705 Added paper 40060894: Forced intracellular degradation of xenoantigens a...
2025-03-13 12:16:49 - INFO - \u2705 Added paper 40057520: Longitudinal single cell profiling of epitope spec...
2025-03-13 12:16:49 - INFO - \u2705 Added paper 40057465: Construction of a Simplex Search Framework for the...
2025-03-13 12:16:50 - INFO - Processing batch 2/2 with 50 IDs
2025-03-13 12:16:52 - INFO - \u2705 Added paper 40054143: Corrigendum to "Long-Term immune memory responses ...
2025-03-13 12:16:52 - INFO - \u2705 Added paper 40053727: The Effect of Predicted Compliance With a Web-Base...
2025-03-13 12:16:52 - INFO - \u2705 Added paper 40048445: A novel oncolytic vaccinia virus with multiple gen...
2025-03-13 12:16:52 - INFO - \u2705 Added paper 40044669: Monitoring mRNA vaccine antigen expression in vivo...
2025-03-13 12:16:52 - INFO - \u2705 Added paper 40043137: Broadly neutralizing antibodies targeting pandemic...
2025-03-13 12:16:52 - INFO - \u2705 Added paper 40040867: Modulated electro-hyperthermia therapy combined wi...
2025-03-13 12:16:52 - INFO - \u2705 Added paper 40035925: A promising mRNA vaccine derived from the JN.1 spi...
2025-03-13 12:19:29 - INFO - Starting search for: cancer vaccine
2025-03-13 12:19:29 - DEBUG - Starting new HTTPS connection (1): eutils.ncbi.nlm.nih.gov:443
2025-03-13 12:19:30 - DEBUG - https://eutils.ncbi.nlm.nih.gov:443 "GET /entrez/eutils/esearch.fcgi?db=pubmed&term=cancer+vaccine&retmode=json&retmax=100 HTTP/1.1" 200 None
2025-03-13 12:19:30 - INFO - Found 100 PubMed IDs for query: cancer vaccine
2025-03-13 12:19:30 - INFO - Processing batch 1/2 with 50 IDs
2025-03-13 12:19:30 - DEBUG - Starting new HTTPS connection (1): eutils.ncbi.nlm.nih.gov:443
2025-03-13 12:19:31 - DEBUG - https://eutils.ncbi.nlm.nih.gov:443 "GET /entrez/eutils/efetch.fcgi?db=pubmed&id=40074443%2C40073092%2C40072566%2C40072429%2C40071201%2C40070834%2C40070694%2C40070638%2C40070303%2C40070302%2C40070078%2C40069924%2C40069817%2C40068738%2C40068366%2C40067898%2C40067759%2C40067177%2C40067131%2C40066767%2C40066453%2C40066439%2C40066223%2C40065692%2C40065259%2C40064661%2C40063659%2C40063552%2C40063340%2C40063202%2C40062995%2C40062918%2C40062380%2C40061912%2C40061742%2C40061294%2C40061136%2C40060894%2C40060577%2C40060444%2C40059815%2C40059217%2C40058873%2C40057574%2C40057520%2C40057465%2C40056854%2C40055795%2C40055554%2C40054771&retmode=xml HTTP/1.1" 200 None
2025-03-13 12:19:33 - DEBUG - \u274c Skipping 40074443, no company affiliations found
2025-03-13 12:19:33 - DEBUG - \u274c Skipping 40073092, no company affiliations found
2025-03-13 12:19:33 - INFO - \u2705 Added paper 40072566: Neoantigen-based mRNA vaccine exhibits superior an...
2025-03-13 12:19:33 - DEBUG - \u274c Skipping 40072429, no company affiliations found
2025-03-13 12:19:33 - DEBUG - \u274c Skipping 40071201, no company affiliations found
2025-03-13 12:19:33 - DEBUG - \u274c Skipping 40070834, no company affiliations found
2025-03-13 12:19:33 - DEBUG - \u274c Skipping 40070694, no company affiliations found
2025-03-13 12:19:33 - DEBUG - \u274c Skipping 40070638, no company affiliations found
2025-03-13 12:19:33 - DEBUG - \u274c Skipping 40070303, no company affiliations found
2025-03-13 12:19:33 - DEBUG - \u274c Skipping 40070302, no company affiliations found
2025-03-13 12:19:33 - DEBUG - \u274c Skipping 40070078, no company affiliations found
2025-03-13 12:19:33 - DEBUG - \u274c Skipping 40069924, no company affiliations found
2025-03-13 12:19:33 - DEBUG - \u274c Skipping 40069817, no company affiliations found
2025-03-13 12:19:33 - DEBUG - \u274c Skipping 40068738, no company affiliations found
2025-03-13 12:19:33 - INFO - \u2705 Added paper 40068366: Real-World Treatment Patterns and Outcomes in Pati...
2025-03-13 12:19:33 - DEBUG - \u274c Skipping 40067898, no company affiliations found
2025-03-13 12:19:33 - DEBUG - \u274c Skipping 40067759, no company affiliations found
2025-03-13 12:19:33 - DEBUG - \u274c Skipping 40067177, no company affiliations found
2025-03-13 12:19:33 - DEBUG - \u274c Skipping 40067131, no company affiliations found
2025-03-13 12:19:33 - DEBUG - \u274c Skipping 40066767, no company affiliations found
2025-03-13 12:19:33 - DEBUG - \u274c Skipping 40066453, no company affiliations found
2025-03-13 12:19:33 - DEBUG - \u274c Skipping 40066439, no company affiliations found
2025-03-13 12:19:33 - DEBUG - \u274c Skipping 40066223, no company affiliations found
2025-03-13 12:19:33 - DEBUG - \u274c Skipping 40065692, no company affiliations found
2025-03-13 12:19:33 - DEBUG - \u274c Skipping 40065259, no company affiliations found
2025-03-13 12:19:33 - DEBUG - \u274c Skipping 40064661, no company affiliations found
2025-03-13 12:19:33 - DEBUG - \u274c Skipping 40063659, no company affiliations found
2025-03-13 12:19:33 - DEBUG - \u274c Skipping 40063552, no company affiliations found
2025-03-13 12:19:33 - DEBUG - \u274c Skipping 40063340, no company affiliations found
2025-03-13 12:19:33 - DEBUG - \u274c Skipping 40063202, no company affiliations found
2025-03-13 12:19:33 - INFO - \u2705 Added paper 40062995: Transient inhibition of type I interferon enhances...
2025-03-13 12:19:33 - DEBUG - \u274c Skipping 40062918, no company affiliations found
2025-03-13 12:19:33 - DEBUG - \u274c Skipping 40062380, no company affiliations found
2025-03-13 12:19:33 - DEBUG - \u274c Skipping 40061912, no company affiliations found
2025-03-13 12:19:33 - DEBUG - \u274c Skipping 40061742, no company affiliations found
2025-03-13 12:19:33 - DEBUG - \u274c Skipping 40061294, no company affiliations found
2025-03-13 12:19:33 - DEBUG - \u274c Skipping 40061136, no company affiliations found
2025-03-13 12:19:33 - INFO - \u2705 Added paper 40060894: Forced intracellular degradation of xenoantigens a...
2025-03-13 12:19:33 - DEBUG - \u274c Skipping 40060577, no company affiliations found
2025-03-13 12:19:33 - DEBUG - \u274c Skipping 40060444, no company affiliations found
2025-03-13 12:19:33 - DEBUG - \u274c Skipping 40059815, no company affiliations found
2025-03-13 12:19:33 - DEBUG - \u274c Skipping 40059217, no company affiliations found
2025-03-13 12:19:33 - DEBUG - \u274c Skipping 40058873, no company affiliations found
2025-03-13 12:19:33 - DEBUG - \u274c Skipping 40057574, no company affiliations found
2025-03-13 12:19:33 - INFO - \u2705 Added paper 40057520: Longitudinal single cell profiling of epitope spec...
2025-03-13 12:19:33 - INFO - \u2705 Added paper 40057465: Construction of a Simplex Search Framework for the...
2025-03-13 12:19:33 - DEBUG - \u274c Skipping 40056854, no company affiliations found
2025-03-13 12:19:33 - DEBUG - \u274c Skipping 40055795, no company affiliations found
2025-03-13 12:19:33 - DEBUG - \u274c Skipping 40055554, no company affiliations found
2025-03-13 12:19:33 - DEBUG - \u274c Skipping 40054771, no company affiliations found
2025-03-13 12:19:33 - INFO - Processed 50 articles in this batch
2025-03-13 12:19:33 - INFO - Processing batch 2/2 with 50 IDs
2025-03-13 12:19:33 - DEBUG - Starting new HTTPS connection (1): eutils.ncbi.nlm.nih.gov:443
2025-03-13 12:19:34 - DEBUG - https://eutils.ncbi.nlm.nih.gov:443 "GET /entrez/eutils/efetch.fcgi?db=pubmed&id=40054657%2C40054143%2C40053821%2C40053727%2C40053290%2C40053260%2C40053095%2C40052540%2C40052534%2C40052441%2C40052387%2C40051042%2C40050946%2C40050874%2C40050776%2C40050525%2C40050505%2C40050434%2C40050359%2C40050281%2C40049520%2C40049190%2C40048931%2C40048445%2C40048381%2C40047786%2C40047479%2C40046771%2C40046061%2C40046011%2C40045679%2C40045415%2C40044856%2C40044669%2C40043449%2C40043137%2C40042164%2C40041887%2C40040867%2C40040700%2C40038251%2C40038143%2C40037502%2C40037239%2C40035925%2C40035791%2C40035515%2C40034548%2C40034523%2C40034522&retmode=xml HTTP/1.1" 200 None
2025-03-13 12:19:36 - DEBUG - \u274c Skipping 40054657, no company affiliations found
2025-03-13 12:19:36 - INFO - \u2705 Added paper 40054143: Corrigendum to "Long-Term immune memory responses ...
2025-03-13 12:19:36 - DEBUG - \u274c Skipping 40053821, no company affiliations found
2025-03-13 12:19:36 - INFO - \u2705 Added paper 40053727: The Effect of Predicted Compliance With a Web-Base...
2025-03-13 12:19:36 - DEBUG - \u274c Skipping 40053290, no company affiliations found
2025-03-13 12:19:36 - DEBUG - \u274c Skipping 40053260, no company affiliations found
2025-03-13 12:19:36 - DEBUG - \u274c Skipping 40053095, no company affiliations found
2025-03-13 12:19:36 - DEBUG - \u274c Skipping 40052540, no company affiliations found
2025-03-13 12:19:36 - DEBUG - \u274c Skipping 40052534, no company affiliations found
2025-03-13 12:19:36 - DEBUG - \u274c Skipping 40052441, no company affiliations found
2025-03-13 12:19:36 - DEBUG - \u274c Skipping 40052387, no company affiliations found
2025-03-13 12:19:36 - DEBUG - \u274c Skipping 40051042, no company affiliations found
2025-03-13 12:19:36 - DEBUG - \u274c Skipping 40050946, no company affiliations found
2025-03-13 12:19:36 - DEBUG - \u274c Skipping 40050874, no company affiliations found
2025-03-13 12:19:36 - DEBUG - \u274c Skipping 40050776, no company affiliations found
2025-03-13 12:19:36 - DEBUG - \u274c Skipping 40050525, no company affiliations found
2025-03-13 12:19:36 - DEBUG - \u274c Skipping 40050505, no company affiliations found
2025-03-13 12:19:36 - DEBUG - \u274c Skipping 40050434, no company affiliations found
2025-03-13 12:19:36 - DEBUG - \u274c Skipping 40050359, no company affiliations found
2025-03-13 12:19:36 - DEBUG - \u274c Skipping 40050281, no company affiliations found
2025-03-13 12:19:36 - DEBUG - \u274c Skipping 40049520, no company affiliations found
2025-03-13 12:19:36 - DEBUG - \u274c Skipping 40049190, no company affiliations found
2025-03-13 12:19:36 - DEBUG - \u274c Skipping 40048931, no company affiliations found
2025-03-13 12:19:36 - INFO - \u2705 Added paper 40048445: A novel oncolytic vaccinia virus with multiple gen...
2025-03-13 12:19:36 - DEBUG - \u274c Skipping 40048381, no company affiliations found
2025-03-13 12:19:36 - DEBUG - \u274c Skipping 40047786, no company affiliations found
2025-03-13 12:19:36 - DEBUG - \u274c Skipping 40047479, no company affiliations found
2025-03-13 12:19:36 - DEBUG - \u274c Skipping 40046771, no company affiliations found
2025-03-13 12:19:36 - DEBUG - \u274c Skipping 40046061, no company affiliations found
2025-03-13 12:19:36 - DEBUG - \u274c Skipping 40046011, no company affiliations found
2025-03-13 12:19:36 - DEBUG - \u274c Skipping 40045679, no company affiliations found
2025-03-13 12:19:36 - DEBUG - \u274c Skipping 40045415, no company affiliations found
2025-03-13 12:19:36 - DEBUG - \u274c Skipping 40044856, no company affiliations found
2025-03-13 12:19:36 - INFO - \u2705 Added paper 40044669: Monitoring mRNA vaccine antigen expression in vivo...
2025-03-13 12:19:36 - DEBUG - \u274c Skipping 40043449, no company affiliations found
2025-03-13 12:19:36 - INFO - \u2705 Added paper 40043137: Broadly neutralizing antibodies targeting pandemic...
2025-03-13 12:19:36 - DEBUG - \u274c Skipping 40042164, no company affiliations found
2025-03-13 12:19:36 - DEBUG - \u274c Skipping 40041887, no company affiliations found
2025-03-13 12:19:36 - INFO - \u2705 Added paper 40040867: Modulated electro-hyperthermia therapy combined wi...
2025-03-13 12:19:36 - DEBUG - \u274c Skipping 40040700, no company affiliations found
2025-03-13 12:19:36 - DEBUG - \u274c Skipping 40038251, no company affiliations found
2025-03-13 12:19:36 - DEBUG - \u274c Skipping 40038143, no company affiliations found
2025-03-13 12:19:36 - DEBUG - \u274c Skipping 40037502, no company affiliations found
2025-03-13 12:19:36 - DEBUG - \u274c Skipping 40037239, no company affiliations found
2025-03-13 12:19:36 - INFO - \u2705 Added paper 40035925: A promising mRNA vaccine derived from the JN.1 spi...
2025-03-13 12:19:36 - DEBUG - \u274c Skipping 40035791, no company affiliations found
2025-03-13 12:19:36 - DEBUG - \u274c Skipping 40035515, no company affiliations found
2025-03-13 12:19:36 - INFO - \u2705 Added paper 40034548: N/A...
2025-03-13 12:19:36 - DEBUG - \u274c Skipping 40034523, no company affiliations found
2025-03-13 12:19:36 - DEBUG - \u274c Skipping 40034522, no company affiliations found
2025-03-13 12:19:36 - INFO - Processed 50 articles in this batch
2025-03-13 12:19:37 - INFO - Found 14 papers with company-affiliated authors
2025-03-13 12:19:37 - INFO - \u2705 Saved 14 papers to output.csv
2025-03-13 12:57:20 - INFO - Starting search for: COVID-19 vaccine
2025-03-13 12:57:21 - INFO - Found 50 PubMed IDs for query: COVID-19 vaccine
2025-03-13 12:57:21 - INFO - Processing batch 1/1 with 50 IDs
2025-03-13 12:57:24 - INFO - \u2705 Added paper 40069439: Functional Activity and Binding Specificity of Sma...
2025-03-13 12:57:24 - INFO - \u2705 Added paper 40068393: Second booster doses of adenoviral- and mRNA-based...
2025-03-13 12:57:24 - INFO - \u2705 Added paper 40063213: Comparative Effectiveness of mRNA-1273 and BNT162b...
2025-03-13 12:57:24 - INFO - \u2705 Added paper 40059831: Circulating neutralizing antibodies and SARS-CoV-2...
2025-03-13 12:57:24 - INFO - Processed 50 articles in this batch
2025-03-13 12:57:24 - INFO - Found 4 papers with company-affiliated authors
2025-03-13 12:57:24 - INFO - \u2705 Saved 4 papers to results.csv
2025-03-13 12:58:55 - INFO - Starting search for: COVID-19 vaccine
2025-03-13 12:58:56 - INFO - Found 50 PubMed IDs for query: COVID-19 vaccine
2025-03-13 12:58:56 - INFO - Processing batch 1/1 with 50 IDs
2025-03-13 12:58:58 - INFO - \u2705 Added paper 40069439: Functional Activity and Binding Specificity of Sma...
2025-03-13 12:58:58 - INFO - \u2705 Added paper 40068393: Second booster doses of adenoviral- and mRNA-based...
2025-03-13 12:58:58 - INFO - \u2705 Added paper 40063213: Comparative Effectiveness of mRNA-1273 and BNT162b...
2025-03-13 12:58:58 - INFO - \u2705 Added paper 40059831: Circulating neutralizing antibodies and SARS-CoV-2...
2025-03-13 12:58:58 - INFO - Processed 50 articles in this batch
2025-03-13 12:58:58 - INFO - Found 4 papers with company-affiliated authors
2025-03-13 12:58:58 - INFO - \u2705 Saved 4 papers to output.csv
2025-03-13 13:04:24 - INFO - Starting search for: COVID-19 vaccine
2025-03-13 13:04:25 - INFO - Found 50 PubMed IDs for query: COVID-19 vaccine
2025-03-13 13:04:25 - INFO - Processing batch 1/1 with 50 IDs
2025-03-13 13:04:27 - INFO - \u2705 Added paper 40069439: Functional Activity and Binding Specificity of Sma...
2025-03-13 13:04:27 - INFO - \u2705 Added paper 40068393: Second booster doses of adenoviral- and mRNA-based...
2025-03-13 13:04:27 - INFO - \u2705 Added paper 40063213: Comparative Effectiveness of mRNA-1273 and BNT162b...
2025-03-13 13:04:27 - INFO - \u2705 Added paper 40059831: Circulating neutralizing antibodies and SARS-CoV-2...
2025-03-13 13:04:27 - INFO - Processed 50 articles in this batch
2025-03-13 13:04:28 - INFO - Found 4 papers with company-affiliated authors
2025-03-13 13:04:28 - INFO - \u2705 Saved 4 papers to output.csv
2025-03-13 13:06:09 - INFO - Starting search for: COVID-19 vaccine
2025-03-13 13:06:10 - INFO - Found 50 PubMed IDs for query: COVID-19 vaccine
2025-03-13 13:06:10 - INFO - Processing batch 1/1 with 50 IDs
2025-03-13 13:06:12 - INFO - \u2705 Added paper 40069439: Functional Activity and Binding Specificity of Sma...
2025-03-13 13:06:12 - INFO - \u2705 Added paper 40068393: Second booster doses of adenoviral- and mRNA-based...
2025-03-13 13:06:12 - INFO - \u2705 Added paper 40063213: Comparative Effectiveness of mRNA-1273 and BNT162b...
2025-03-13 13:06:12 - INFO - \u2705 Added paper 40059831: Circulating neutralizing antibodies and SARS-CoV-2...
2025-03-13 13:06:12 - INFO - Processed 50 articles in this batch
2025-03-13 13:06:13 - INFO - Found 4 papers with company-affiliated authors
2025-03-13 13:06:13 - INFO - \u2705 Saved 4 papers to output.csv
2025-03-13 13:07:11 - INFO - Starting search for: COVID-19 vaccine
2025-03-13 13:07:12 - INFO - Found 50 PubMed IDs for query: COVID-19 vaccine
2025-03-13 13:07:12 - INFO - Processing batch 1/1 with 50 IDs
2025-03-13 13:07:21 - INFO - \u2705 Added paper 40069439: Functional Activity and Binding Specificity of Sma...
2025-03-13 13:07:21 - INFO - \u2705 Added paper 40068393: Second booster doses of adenoviral- and mRNA-based...
2025-03-13 13:07:21 - INFO - \u2705 Added paper 40063213: Comparative Effectiveness of mRNA-1273 and BNT162b...
2025-03-13 13:07:21 - INFO - \u2705 Added paper 40059831: Circulating neutralizing antibodies and SARS-CoV-2...
2025-03-13 13:07:21 - INFO - Processed 50 articles in this batch
2025-03-13 13:07:21 - INFO - Found 4 papers with company-affiliated authors
2025-03-13 13:07:21 - INFO - \u2705 Saved 4 papers to results.csv
2025-03-13 13:08:34 - INFO - Starting search for: COVID-19 vaccine
2025-03-13 13:08:36 - INFO - Found 50 PubMed IDs for query: COVID-19 vaccine
2025-03-13 13:08:36 - INFO - Processing batch 1/1 with 50 IDs
2025-03-13 13:08:38 - INFO - \u2705 Added paper 40069439: Functional Activity and Binding Specificity of Sma...
2025-03-13 13:08:38 - INFO - \u2705 Added paper 40068393: Second booster doses of adenoviral- and mRNA-based...
2025-03-13 13:08:38 - INFO - \u2705 Added paper 40063213: Comparative Effectiveness of mRNA-1273 and BNT162b...
2025-03-13 13:08:38 - INFO - \u2705 Added paper 40059831: Circulating neutralizing antibodies and SARS-CoV-2...
2025-03-13 13:08:38 - INFO - Processed 50 articles in this batch
2025-03-13 13:08:38 - INFO - Found 4 papers with company-affiliated authors
2025-03-13 13:08:38 - INFO - \u2705 Saved 4 papers to output.csv
2025-03-13 13:10:32 - INFO - Starting search for: COVID-19 vaccine
2025-03-13 13:10:33 - INFO - Found 5 PubMed IDs for query: COVID-19 vaccine
2025-03-13 13:10:33 - INFO - Processing batch 1/1 with 5 IDs
2025-03-13 13:10:34 - INFO - Processed 5 articles in this batch
2025-03-13 13:10:34 - INFO - Found 0 papers with company-affiliated authors
2025-03-13 13:10:55 - INFO - Starting search for: COVID-19 vaccine
2025-03-13 13:10:56 - INFO - Found 50 PubMed IDs for query: COVID-19 vaccine
2025-03-13 13:10:56 - INFO - Processing batch 1/1 with 50 IDs
2025-03-13 13:10:59 - INFO - \u2705 Added paper 40069439: Functional Activity and Binding Specificity of Sma...
2025-03-13 13:10:59 - INFO - \u2705 Added paper 40068393: Second booster doses of adenoviral- and mRNA-based...
2025-03-13 13:10:59 - INFO - \u2705 Added paper 40063213: Comparative Effectiveness of mRNA-1273 and BNT162b...
2025-03-13 13:10:59 - INFO - \u2705 Added paper 40059831: Circulating neutralizing antibodies and SARS-CoV-2...
2025-03-13 13:10:59 - INFO - Processed 50 articles in this batch
2025-03-13 13:11:00 - INFO - Found 4 papers with company-affiliated authors
2025-03-13 13:11:00 - INFO - \u2705 Saved 4 papers to results.csv
2025-03-13 13:11:10 - INFO - Starting search for: COVID-19 vaccine
2025-03-13 13:11:11 - INFO - Found 50 PubMed IDs for query: COVID-19 vaccine
2025-03-13 13:11:11 - INFO - Processing batch 1/1 with 50 IDs
2025-03-13 13:11:13 - INFO - \u2705 Added paper 40069439: Functional Activity and Binding Specificity of Sma...
2025-03-13 13:11:13 - INFO - \u2705 Added paper 40068393: Second booster doses of adenoviral- and mRNA-based...
2025-03-13 13:11:13 - INFO - \u2705 Added paper 40063213: Comparative Effectiveness of mRNA-1273 and BNT162b...
2025-03-13 13:11:13 - INFO - \u2705 Added paper 40059831: Circulating neutralizing antibodies and SARS-CoV-2...
2025-03-13 13:11:13 - INFO - Processed 50 articles in this batch
2025-03-13 13:11:14 - INFO - Found 4 papers with company-affiliated authors
2025-03-13 13:32:12 - INFO - Starting search for: COVID-19 vaccine
2025-03-13 13:32:13 - INFO - Found 100 PubMed IDs for query: COVID-19 vaccine
2025-03-13 13:32:13 - INFO - Processing batch 1/2 with 50 IDs
2025-03-13 13:32:17 - INFO - \u2705 Added paper 40069439: Functional Activity and Binding Specificity of Sma...
2025-03-13 13:32:17 - INFO - \u2705 Added paper 40068393: Second booster doses of adenoviral- and mRNA-based...
2025-03-13 13:32:17 - INFO - \u2705 Added paper 40063213: Comparative Effectiveness of mRNA-1273 and BNT162b...
2025-03-13 13:32:17 - INFO - \u2705 Added paper 40059831: Circulating neutralizing antibodies and SARS-CoV-2...
2025-03-13 13:32:17 - INFO - Processed 50 articles in this batch
2025-03-13 13:32:18 - INFO - Processing batch 2/2 with 50 IDs
2025-03-13 13:32:20 - INFO - \u2705 Added paper 40056804: mRNA-1273 vaccines adapted to JN.1 or KP.2 elicit ...
2025-03-13 13:32:20 - INFO - \u2705 Added paper 40056469: Data Interoperability in COVID-19 Vaccine Trials: ...
2025-03-13 13:32:20 - INFO - \u2705 Added paper 40055029: Effectiveness of COVID-19 vaccine against SARS-CoV...
2025-03-13 13:32:20 - INFO - \u2705 Added paper 40055028: COVID-19 vaccination status and associated factors...
2025-03-13 13:32:20 - INFO - \u2705 Added paper 40054138: SARS-CoV-2 conjugate vaccine elicits robust immune...
2025-03-13 13:32:20 - INFO - \u2705 Added paper 40049248: Developmental and reproductive toxicity (DART) stu...
2025-03-13 13:32:20 - INFO - \u2705 Added paper 40045463: The characterization of technical design of a viru...
2025-03-13 13:32:20 - INFO - \u2705 Added paper 40044669: Monitoring mRNA vaccine antigen expression in vivo...
2025-03-13 13:32:20 - INFO - \u2705 Added paper 40044048: Prior SARS-Cov-2 infection affects adaptive immune...
2025-03-13 13:32:20 - INFO - Processed 50 articles in this batch
2025-03-13 13:32:20 - INFO - Found 13 papers with company-affiliated authors
2025-03-13 13:44:51 - INFO - Found 100 PubMed IDs for query: vaccine
2025-03-13 13:44:51 - INFO - Processing batch 1/2 with 50 IDs
2025-03-13 13:44:53 - INFO - Processing batch 2/2 with 50 IDs
